
abr 11, 2017 18:30:56.85 NEW SESSION
abr 11, 2017 18:30:56.85 [1700:1612:0411/183056.851:ERROR:child_thread_impl.cc(762)] Request for unknown Channel-associated interface: ui::mojom::GpuMain
abr 11, 2017 18:31:27.48 [3900:3740:0411/183127.481:ERROR:child_thread_impl.cc(762)] Request for unknown Channel-associated interface: ui::mojom::GpuMain
abr 11, 2017 18:31:49.69 [3464:2260:0411/183149.698:ERROR:connection_factory_impl.cc(386)] Failed to connect to MCS endpoint with error -118
abr 11, 2017 18:35:14.32 [4160:3180:0411/183514.328:ERROR:child_thread_impl.cc(762)] Request for unknown Channel-associated interface: ui::mojom::GpuMain
abr 11, 2017 18:35:36.56 [984:3980:0411/183536.562:ERROR:connection_factory_impl.cc(386)] Failed to connect to MCS endpoint with error -118
abr 11, 2017 18:38:14.56 [3660:6552:0411/183814.566:ERROR:child_thread_impl.cc(762)] Request for unknown Channel-associated interface: ui::mojom::GpuMain
abr 11, 2017 18:38:36.77 [4740:6412:0411/183836.772:ERROR:connection_factory_impl.cc(386)] Failed to connect to MCS endpoint with error -118
abr 11, 2017 18:48:26.21 [WARNING:..\..\..\..\flash\platform\pepper\pep_module.cpp(63)] SANDBOXED
abr 11, 2017 18:51:43.35 [4740:6412:0411/185143.353:ERROR:connection_factory_impl.cc(386)] Failed to connect to MCS endpoint with error -21
abr 11, 2017 18:51:46.77 [4740:6412:0411/185146.770:ERROR:connection_factory_impl.cc(386)] Failed to connect to MCS endpoint with error -21
abr 11, 2017 18:51:49.84 [4740:6412:0411/185149.841:ERROR:connection_factory_impl.cc(386)] Failed to connect to MCS endpoint with error -21

abr 12, 2017 19:30:44.77 NEW SESSION
abr 12, 2017 19:30:44.77 [6808:4344:0412/193044.777:ERROR:child_thread_impl.cc(762)] Request for unknown Channel-associated interface: ui::mojom::GpuMain
abr 12, 2017 19:51:47.74 [4428:3516:0412/195147.723:ERROR:child_thread_impl.cc(762)] Request for unknown Channel-associated interface: ui::mojom::GpuMain

abr 13, 2017 20:10:58.23 NEW SESSION
abr 13, 2017 20:10:58.23 [3192:3700:0413/201058.234:ERROR:child_thread_impl.cc(762)] Request for unknown Channel-associated interface: ui::mojom::GpuMain

abr 14, 2017 22:51:20.73 NEW SESSION
abr 14, 2017 22:51:20.73 [4860:5380:0414/225120.732:ERROR:child_thread_impl.cc(762)] Request for unknown Channel-associated interface: ui::mojom::GpuMain

abr 15, 2017 14:34:49.49 NEW SESSION
abr 15, 2017 14:34:49.49 [4672:7788:0415/143449.470:ERROR:child_thread_impl.cc(762)] Request for unknown Channel-associated interface: ui::mojom::GpuMain
abr 15, 2017 14:51:10.63 [6776:5736:0415/145110.630:ERROR:child_thread_impl.cc(762)] Request for unknown Channel-associated interface: ui::mojom::GpuMain

mai 12, 2017 16:12:08.88 NEW SESSION
mai 12, 2017 16:12:08.88 [4500:2496:0512/161208.889:ERROR:ssl_client_socket_impl.cc(1135)] handshake failed; returned -1, SSL error code 1, net_error -101
mai 12, 2017 16:12:28.07 [4500:2496:0512/161228.072:ERROR:ssl_client_socket_impl.cc(1135)] handshake failed; returned -1, SSL error code 1, net_error -101
mai 12, 2017 16:12:31.44 [4500:2496:0512/161231.444:ERROR:ssl_client_socket_impl.cc(1135)] handshake failed; returned -1, SSL error code 1, net_error -101
mai 12, 2017 16:12:50.66 [4500:2496:0512/161250.665:ERROR:ssl_client_socket_impl.cc(1135)] handshake failed; returned -1, SSL error code 1, net_error -101

mai 12, 2017 19:27:14.11 NEW SESSION
mai 12, 2017 19:27:14.11 [2960:5420:0512/192714.111:ERROR:connection_factory_impl.cc(386)] Failed to connect to MCS endpoint with error -105
mai 12, 2017 19:27:37.29 [2960:5420:0512/192737.293:ERROR:connection_factory_impl.cc(386)] Failed to connect to MCS endpoint with error -105
mai 12, 2017 19:27:48.47 [2960:1560:0512/192748.470:ERROR:account_tracker.cc(356)] OnGetTokenFailure: Connection failed (-105).
mai 12, 2017 19:27:48.48 [2960:1560:0512/192748.470:ERROR:account_tracker.cc(356)] OnGetTokenFailure: Connection failed (-105).
mai 12, 2017 19:28:31.45 [2960:5420:0512/192831.452:ERROR:connection_factory_impl.cc(386)] Failed to connect to MCS endpoint with error -105
mai 12, 2017 19:30:22.97 [2960:5420:0512/193022.975:ERROR:connection_factory_impl.cc(386)] Failed to connect to MCS endpoint with error -105
mai 12, 2017 19:30:46.98 [2960:1560:0512/193046.979:ERROR:gcm_channel_status_request.cc(127)] GCM channel request failed.
mai 12, 2017 19:31:12.04 [2960:1560:0512/193112.043:ERROR:gcm_channel_status_request.cc(127)] GCM channel request failed.
mai 12, 2017 19:32:11.35 [2960:1560:0512/193211.354:ERROR:gcm_channel_status_request.cc(127)] GCM channel request failed.
mai 12, 2017 19:33:15.11 [2960:5420:0512/193315.111:ERROR:connection_factory_impl.cc(386)] Failed to connect to MCS endpoint with error -105
mai 12, 2017 19:34:05.19 [2960:1560:0512/193405.192:ERROR:gcm_channel_status_request.cc(127)] GCM channel request failed.
mai 12, 2017 19:37:13.50 [2960:1560:0512/193713.499:ERROR:gcm_channel_status_request.cc(127)] GCM channel request failed.
mai 12, 2017 19:38:41.38 [2960:5420:0512/193841.388:ERROR:connection_factory_impl.cc(386)] Failed to connect to MCS endpoint with error -202
mai 12, 2017 19:49:02.79 [2960:5420:0512/194902.788:ERROR:connection_factory_impl.cc(386)] Failed to connect to MCS endpoint with error -118
mai 12, 2017 20:56:11.27 [2960:5420:0512/205611.276:ERROR:connection_factory_impl.cc(386)] Failed to connect to MCS endpoint with error -21
mai 12, 2017 20:56:13.79 [2960:5420:0512/205613.786:ERROR:connection_factory_impl.cc(386)] Failed to connect to MCS endpoint with error -21
mai 12, 2017 20:56:32.26 [2960:5420:0512/205632.262:ERROR:connection_factory_impl.cc(386)] Failed to connect to MCS endpoint with error -21
mai 12, 2017 20:59:30.92 [4472:3400:0512/205930.921:ERROR:connection_factory_impl.cc(386)] Failed to connect to MCS endpoint with error -118

mai 13, 2017 17:16:04.98 NEW SESSION
mai 13, 2017 17:16:04.98 [4192:6616:0513/171604.985:ERROR:ssl_client_socket_impl.cc(1135)] handshake failed; returned -1, SSL error code 1, net_error -101
mai 13, 2017 17:16:07.28 [4192:6616:0513/171607.280:ERROR:ssl_client_socket_impl.cc(1135)] handshake failed; returned -1, SSL error code 1, net_error -101
mai 13, 2017 17:16:24.17 [4192:6616:0513/171624.175:ERROR:ssl_client_socket_impl.cc(1135)] handshake failed; returned -1, SSL error code 1, net_error -101
mai 13, 2017 17:17:56.00 [4192:6616:0513/171756.003:ERROR:ssl_client_socket_impl.cc(1135)] handshake failed; returned -1, SSL error code 1, net_error -101
mai 13, 2017 17:48:31.67 [4192:6616:0513/174831.676:ERROR:ssl_client_socket_impl.cc(1135)] handshake failed; returned -1, SSL error code 1, net_error -101
mai 13, 2017 17:48:50.83 [4192:6616:0513/174850.832:ERROR:ssl_client_socket_impl.cc(1135)] handshake failed; returned -1, SSL error code 1, net_error -101
mai 13, 2017 19:46:39.62 [1532:3864:0513/194639.621:ERROR:connection_factory_impl.cc(386)] Failed to connect to MCS endpoint with error -105
mai 13, 2017 19:47:00.84 [1532:3864:0513/194700.847:ERROR:connection_factory_impl.cc(386)] Failed to connect to MCS endpoint with error -105
mai 13, 2017 19:47:43.27 [1532:3864:0513/194743.276:ERROR:connection_factory_impl.cc(386)] Failed to connect to MCS endpoint with error -105
mai 13, 2017 19:47:46.27 [1532:3864:0513/194746.272:ERROR:connection_factory_impl.cc(386)] Failed to connect to MCS endpoint with error -21
mai 13, 2017 19:48:04.27 [1532:3864:0513/194804.276:ERROR:connection_factory_impl.cc(386)] Failed to connect to MCS endpoint with error -105

mai 15, 2017 11:30:12.14 NEW SESSION
mai 15, 2017 11:30:12.14 [8048:544:0515/113012.132:ERROR:gcm_channel_status_request.cc(127)] GCM channel request failed.
mai 15, 2017 11:30:12.18 [8048:6460:0515/113012.132:ERROR:get_updates_processor.cc(244)] PostClientToServerMessage() failed during GetUpdates
mai 15, 2017 11:30:13.37 [8048:1304:0515/113013.379:ERROR:connection_factory_impl.cc(386)] Failed to connect to MCS endpoint with error -21
mai 15, 2017 11:30:17.88 [8048:1304:0515/113017.888:ERROR:connection_factory_impl.cc(386)] Failed to connect to MCS endpoint with error -21
mai 15, 2017 11:30:20.91 [8048:1304:0515/113020.911:ERROR:connection_factory_impl.cc(386)] Failed to connect to MCS endpoint with error -21
mai 15, 2017 11:56:05.27 [8048:1304:0515/115605.278:ERROR:ssl_client_socket_impl.cc(1135)] handshake failed; returned -1, SSL error code 1, net_error -100
mai 15, 2017 13:08:00.35 [8048:1304:0515/130800.357:ERROR:ssl_client_socket_impl.cc(1135)] handshake failed; returned -1, SSL error code 1, net_error -100

mai 17, 2017 11:27:33.74 NEW SESSION
mai 17, 2017 11:27:33.74 [4068:8544:0517/112733.728:ERROR:gcm_channel_status_request.cc(127)] GCM channel request failed.
mai 17, 2017 11:27:33.84 [4068:8676:0517/112733.744:ERROR:get_updates_processor.cc(244)] PostClientToServerMessage() failed during GetUpdates
mai 17, 2017 11:27:34.30 [4068:7592:0517/112734.305:ERROR:connection_factory_impl.cc(386)] Failed to connect to MCS endpoint with error -21
mai 17, 2017 11:27:34.32 [4068:8676:0517/112734.308:ERROR:get_updates_processor.cc(244)] PostClientToServerMessage() failed during GetUpdates
mai 17, 2017 11:27:40.50 [4068:7592:0517/112740.500:ERROR:connection_factory_impl.cc(386)] Failed to connect to MCS endpoint with error -21
mai 17, 2017 11:31:22.76 [4068:7592:0517/113122.765:ERROR:ssl_client_socket_impl.cc(1135)] handshake failed; returned -1, SSL error code 1, net_error -100
mai 17, 2017 11:31:23.03 [4068:7592:0517/113123.033:ERROR:ssl_client_socket_impl.cc(1135)] handshake failed; returned -1, SSL error code 1, net_error -100
mai 17, 2017 11:31:27.18 [4068:7592:0517/113127.180:ERROR:ssl_client_socket_impl.cc(1135)] handshake failed; returned -1, SSL error code 1, net_error -101
mai 17, 2017 11:41:50.38 [4068:7592:0517/114150.382:ERROR:ssl_client_socket_impl.cc(1135)] handshake failed; returned -1, SSL error code 1, net_error -100
mai 17, 2017 11:41:50.92 [4068:7592:0517/114150.923:ERROR:ssl_client_socket_impl.cc(1135)] handshake failed; returned -1, SSL error code 1, net_error -100

mai 19, 2017 14:37:27.14 NEW SESSION
mai 19, 2017 14:37:27.15 [5768:5772:0519/143727.142:ERROR:ssl_client_socket_impl.cc(1135)] handshake failed; returned -1, SSL error code 1, net_error -101

mai 20, 2017 21:53:35.27 NEW SESSION
mai 20, 2017 21:53:35.29 1495328015285	addons.update-checker	WARN	Update manifest for aushelper@mozilla.org did not contain an updates property
mai 20, 2017 21:53:35.30 1495328015319	addons.update-checker	WARN	Update manifest for e10srollout@mozilla.org did not contain an updates property
mai 20, 2017 21:53:35.34 1495328015347	addons.update-checker	WARN	Update manifest for firefox@getpocket.com did not contain an updates property
mai 20, 2017 21:53:35.35 1495328015368	addons.update-checker	WARN	Update manifest for webcompat@mozilla.org did not contain an updates property
mai 20, 2017 21:53:35.37 1495328015386	addons.update-checker	WARN	Update manifest for {972ce4c6-7e08-4474-a285-3208198ce6fd} did not contain an updates property
mai 20, 2017 23:50:41.53 [GPU 6076] WARNING: pipe error: 109: file c:/builds/moz2_slave/m-rel-w32-00000000000000000000/build/src/ipc/chromium/src/chrome/common/ipc_channel_win.cc, line 346
mai 20, 2017 23:50:41.93 
mai 20, 2017 23:50:41.93 ###!!! [Child][MessageChannel::SendAndWait] Error: Channel error: cannot send/recv
mai 20, 2017 23:50:41.94 

mai 21, 2017 24:02:07.27 NEW SESSION
mai 21, 2017 24:02:07.27 console.warn: nsLoginManager: searchLogins: `formSubmitURL` or `httpRealm` is recommended
mai 21, 2017 24:09:51.01 Warning: An attempt was made to write to the DEVTOOLS_COPY_UNIQUE_CSS_SELECTOR_OPENED_COUNT histogram, which is not defined in Histograms.json
mai 21, 2017 24:09:51.02 [GPU 1592] WARNING: pipe error: 109: file c:/builds/moz2_slave/m-rel-w32-00000000000000000000/build/src/ipc/chromium/src/chrome/common/ipc_channel_win.cc, line 346
mai 21, 2017 24:09:51.03 [GPU 1592] WARNING: pipe error: 109: file c:/builds/moz2_slave/m-rel-w32-00000000000000000000/build/src/ipc/chromium/src/chrome/common/ipc_channel_win.cc, line 346
mai 21, 2017 24:09:51.04 [GPU 1592] WARNING: pipe error: 109: file c:/builds/moz2_slave/m-rel-w32-00000000000000000000/build/src/ipc/chromium/src/chrome/common/ipc_channel_win.cc, line 346
mai 21, 2017 24:10:44.09 [GPU 1592] WARNING: pipe error: 109: file c:/builds/moz2_slave/m-rel-w32-00000000000000000000/build/src/ipc/chromium/src/chrome/common/ipc_channel_win.cc, line 346
mai 21, 2017 24:10:44.10 [GPU 1592] WARNING: pipe error: 109: file c:/builds/moz2_slave/m-rel-w32-00000000000000000000/build/src/ipc/chromium/src/chrome/common/ipc_channel_win.cc, line 346
mai 21, 2017 24:10:44.51 
mai 21, 2017 24:10:44.52 ###!!! [Child][MessageChannel::SendAndWait] Error: Channel error: cannot send/recv
mai 21, 2017 24:10:44.53 

mai 23, 2017 16:00:56.51 NEW SESSION
mai 23, 2017 16:00:56.51 [1200:180:0523/160056.512:ERROR:connection_factory_impl.cc(386)] Failed to connect to MCS endpoint with error -105
mai 23, 2017 16:01:20.00 [1200:180:0523/160120.004:ERROR:connection_factory_impl.cc(386)] Failed to connect to MCS endpoint with error -105
mai 23, 2017 16:01:29.91 [1200:2972:0523/160129.914:ERROR:account_tracker.cc(356)] OnGetTokenFailure: Connection failed (-105).
mai 23, 2017 16:01:29.94 [1200:2972:0523/160129.914:ERROR:account_tracker.cc(356)] OnGetTokenFailure: Connection failed (-105).
mai 23, 2017 16:02:16.13 [1200:180:0523/160216.131:ERROR:connection_factory_impl.cc(386)] Failed to connect to MCS endpoint with error -105
mai 23, 2017 16:04:11.33 [1200:180:0523/160411.336:ERROR:connection_factory_impl.cc(386)] Failed to connect to MCS endpoint with error -105
mai 23, 2017 16:07:52.44 [1200:2972:0523/160752.445:ERROR:gcm_channel_status_request.cc(127)] GCM channel request failed.
mai 23, 2017 16:07:56.65 [1200:180:0523/160756.614:ERROR:connection_factory_impl.cc(386)] Failed to connect to MCS endpoint with error -105
mai 23, 2017 16:08:19.31 [1200:2972:0523/160819.309:ERROR:gcm_channel_status_request.cc(127)] GCM channel request failed.
mai 23, 2017 16:09:08.22 [1200:2972:0523/160908.224:ERROR:gcm_channel_status_request.cc(127)] GCM channel request failed.
mai 23, 2017 16:10:53.07 [1200:2972:0523/161053.072:ERROR:gcm_channel_status_request.cc(127)] GCM channel request failed.
mai 23, 2017 16:13:36.66 [5740:7156:0523/161336.668:ERROR:connection_factory_impl.cc(386)] Failed to connect to MCS endpoint with error -105
mai 23, 2017 16:14:06.07 [5740:7156:0523/161406.073:ERROR:connection_factory_impl.cc(386)] Failed to connect to MCS endpoint with error -105
mai 23, 2017 16:14:08.70 [5740:6248:0523/161408.702:ERROR:account_tracker.cc(356)] OnGetTokenFailure: Connection failed (-105).
mai 23, 2017 16:14:08.71 [5740:6248:0523/161408.702:ERROR:account_tracker.cc(356)] OnGetTokenFailure: Connection failed (-105).
mai 23, 2017 16:14:46.58 [5740:7156:0523/161446.582:ERROR:connection_factory_impl.cc(386)] Failed to connect to MCS endpoint with error -105
mai 23, 2017 16:16:34.05 [5740:7156:0523/161634.057:ERROR:connection_factory_impl.cc(386)] Failed to connect to MCS endpoint with error -105
mai 23, 2017 16:19:21.91 [5740:7156:0523/161921.912:ERROR:connection_factory_impl.cc(386)] Failed to connect to MCS endpoint with error -105
mai 23, 2017 16:25:38.36 [5924:1220:0523/162538.359:ERROR:connection_factory_impl.cc(386)] Failed to connect to MCS endpoint with error -105
mai 23, 2017 16:26:00.48 [5924:1220:0523/162600.484:ERROR:connection_factory_impl.cc(386)] Failed to connect to MCS endpoint with error -105
mai 23, 2017 16:26:11.72 [5924:6380:0523/162611.723:ERROR:account_tracker.cc(356)] OnGetTokenFailure: Connection failed (-105).
mai 23, 2017 16:26:11.73 [5924:6380:0523/162611.723:ERROR:account_tracker.cc(356)] OnGetTokenFailure: Connection failed (-105).
mai 23, 2017 16:26:54.93 [5924:1220:0523/162654.929:ERROR:connection_factory_impl.cc(386)] Failed to connect to MCS endpoint with error -105
mai 23, 2017 16:28:30.42 [5924:1220:0523/162830.425:ERROR:connection_factory_impl.cc(386)] Failed to connect to MCS endpoint with error -105
mai 23, 2017 16:32:15.73 [5924:1220:0523/163215.731:ERROR:connection_factory_impl.cc(386)] Failed to connect to MCS endpoint with error -105
